{
  "Cucumber Features": {
    "coverage": {
      "D:/SE_proj/iter3/hmdecide/app/models/user.rb": {
        "lines": [
          1,
          null,
          null,
          1,
          1,
          null,
          1,
          1,
          null,
          null,
          null,
          null,
          1,
          0,
          null,
          0,
          0,
          0,
          0,
          0,
          null,
          null,
          0,
          0,
          0,
          0,
          0,
          null,
          0,
          0,
          null,
          null,
          null,
          null,
          null,
          null,
          1,
          0,
          null,
          0,
          0,
          0,
          0,
          0,
          null,
          null,
          null,
          0,
          0,
          0,
          0,
          0,
          null,
          0,
          0,
          null,
          null,
          null,
          null,
          null,
          null,
          null,
          null,
          null,
          null
        ]
      },
      "D:/SE_proj/iter3/hmdecide/app/models/application_record.rb": {
        "lines": [
          1,
          1,
          null
        ]
      },
      "D:/SE_proj/iter3/hmdecide/app/models/post.rb": {
        "lines": [
          1,
          1,
          1,
          1,
          1,
          null,
          null,
          1,
          null,
          1,
          2,
          null,
          null,
          1,
          1,
          null,
          null,
          1,
          8,
          null,
          null,
          1,
          26,
          26,
          26,
          5,
          0,
          0,
          0,
          0,
          0,
          null,
          null,
          null,
          null,
          null,
          26,
          26,
          26,
          null,
          null,
          null,
          null,
          null,
          null,
          null
        ]
      },
      "D:/SE_proj/iter3/hmdecide/app/models/choice.rb": {
        "lines": [
          1,
          1,
          1,
          1,
          1,
          null,
          1,
          1,
          1,
          null,
          null,
          null,
          null,
          null
        ]
      },
      "D:/SE_proj/iter3/hmdecide/app/controllers/application_controller.rb": {
        "lines": [
          1,
          null
        ]
      },
      "D:/SE_proj/iter3/hmdecide/app/helpers/application_helper.rb": {
        "lines": [
          1,
          null
        ]
      },
      "D:/SE_proj/iter3/hmdecide/app/helpers/home_helper.rb": {
        "lines": [
          1,
          null
        ]
      },
      "D:/SE_proj/iter3/hmdecide/app/helpers/posts_helper.rb": {
        "lines": [
          1,
          null
        ]
      },
      "D:/SE_proj/iter3/hmdecide/app/helpers/users_helper.rb": {
        "lines": [
          1,
          null
        ]
      },
      "D:/SE_proj/iter3/hmdecide/app/controllers/home_controller.rb": {
        "lines": [
          1,
          1,
          22,
          22,
          22,
          0,
          0,
          0,
          null,
          null,
          0,
          0,
          0,
          0,
          null,
          null,
          null,
          22,
          22,
          22,
          17,
          null,
          22,
          22,
          22,
          null,
          null,
          null,
          null,
          null,
          null,
          1,
          null,
          null
        ]
      },
      "D:/SE_proj/iter3/hmdecide/app/controllers/users_controller.rb": {
        "lines": [
          1,
          1,
          null,
          null,
          1,
          2,
          null,
          null,
          1,
          1,
          1,
          null,
          null,
          null,
          1,
          0,
          0,
          0,
          0,
          0,
          null,
          null,
          1,
          0,
          0,
          0,
          0,
          0,
          null,
          null,
          1,
          null,
          1,
          1,
          null,
          null
        ]
      },
      "D:/SE_proj/iter3/hmdecide/app/controllers/posts_controller.rb": {
        "lines": [
          1,
          null,
          1,
          null,
          1,
          null,
          1,
          null,
          null,
          1,
          1,
          1,
          1,
          null,
          1,
          null,
          null,
          0,
          0,
          0,
          0,
          0,
          null,
          null,
          0,
          null,
          null,
          0,
          null,
          null,
          null,
          0,
          0,
          null,
          null,
          null,
          null,
          1,
          1,
          1,
          null,
          null,
          null,
          null,
          null,
          null,
          null,
          null,
          null,
          1,
          1,
          1,
          null,
          null,
          1,
          0,
          0,
          0,
          null,
          null,
          1,
          1,
          null,
          null,
          null,
          null,
          null,
          7,
          null,
          null,
          null
        ]
      },
      "D:/SE_proj/iter3/hmdecide/app/controllers/choices_controller.rb": {
        "lines": [
          1,
          null,
          null,
          null,
          null,
          null,
          null,
          null,
          1,
          1,
          1,
          1,
          null,
          null,
          1,
          0,
          null,
          null,
          null,
          null,
          1,
          1,
          1,
          1,
          1,
          1,
          null,
          null,
          null,
          1,
          1,
          0,
          null,
          null,
          null
        ]
      }
    },
    "timestamp": 1617836424
  },
  "RSpec": {
    "coverage": {
      "D:/SE_proj/iter3/hmdecide/app/models/user.rb": {
        "lines": [
          1,
          null,
          null,
          1,
          1,
          null,
          1,
          1,
          null,
          null,
          null,
          null,
          1,
          0,
          null,
          0,
          0,
          0,
          0,
          0,
          null,
          null,
          0,
          0,
          0,
          0,
          0,
          null,
          0,
          0,
          null,
          null,
          null,
          null,
          null,
          null,
          1,
          0,
          null,
          0,
          0,
          0,
          0,
          0,
          null,
          null,
          null,
          0,
          0,
          0,
          0,
          0,
          null,
          0,
          0,
          null,
          null,
          null,
          null,
          null,
          null,
          null,
          null,
          null,
          null
        ]
      },
      "D:/SE_proj/iter3/hmdecide/app/models/application_record.rb": {
        "lines": [
          1,
          1,
          null
        ]
      },
      "D:/SE_proj/iter3/hmdecide/app/helpers/application_helper.rb": {
        "lines": [
          1,
          null
        ]
      },
      "D:/SE_proj/iter3/hmdecide/app/helpers/home_helper.rb": {
        "lines": [
          1,
          null
        ]
      },
      "D:/SE_proj/iter3/hmdecide/app/helpers/posts_helper.rb": {
        "lines": [
          1,
          null
        ]
      },
      "D:/SE_proj/iter3/hmdecide/app/helpers/users_helper.rb": {
        "lines": [
          1,
          null
        ]
      },
      "D:/SE_proj/iter3/hmdecide/app/controllers/choices_controller.rb": {
        "lines": [
          1,
          null,
          null,
          null,
          null,
          null,
          null,
          null,
          1,
          2,
          2,
          2,
          null,
          null,
          1,
          2,
          null,
          null,
          null,
          null,
          1,
          1,
          1,
          1,
          1,
          1,
          0,
          null,
          null,
          null,
          1,
          1,
          2,
          null,
          null,
          null
        ]
      },
      "D:/SE_proj/iter3/hmdecide/app/controllers/application_controller.rb": {
        "lines": [
          1,
          null
        ]
      },
      "D:/SE_proj/iter3/hmdecide/app/controllers/posts_controller.rb": {
        "lines": [
          1,
          1,
          null,
          1,
          null,
          1,
          null,
          4,
          null,
          null,
          null,
          4,
          4,
          4,
          4,
          null,
          0,
          0,
          null,
          null,
          4,
          4,
          null,
          4,
          null,
          null,
          3,
          2,
          2,
          2,
          2,
          null,
          null,
          2,
          null,
          null,
          null,
          2,
          null,
          null,
          null,
          1,
          1,
          null,
          null,
          null,
          null,
          1,
          1,
          1,
          null,
          null,
          null,
          null,
          null,
          null,
          1,
          0,
          0,
          0,
          0,
          0,
          0,
          null,
          null,
          1,
          0,
          0,
          0,
          0,
          0,
          null,
          null,
          null,
          null,
          null,
          null,
          null,
          null,
          null,
          null,
          null,
          null,
          null,
          null,
          null,
          null,
          null,
          1,
          0,
          0,
          0,
          0,
          0,
          null,
          null,
          null,
          1,
          1,
          1,
          null,
          null,
          1,
          1,
          1,
          1,
          null,
          null,
          1,
          1,
          null,
          null,
          null,
          null,
          null,
          41,
          null,
          null,
          null
        ]
      },
      "D:/SE_proj/iter3/hmdecide/app/models/post.rb": {
        "lines": [
          1,
          1,
          1,
          1,
          1,
          1,
          null,
          1,
          13,
          null,
          null,
          1,
          1,
          null,
          null,
          1,
          1,
          null,
          null,
          1,
          0,
          0,
          null,
          0,
          0,
          0,
          0,
          0,
          0,
          0,
          null,
          null,
          null,
          0,
          0,
          0,
          0,
          0,
          0,
          null,
          null,
          null,
          null,
          null,
          1,
          2,
          2,
          2,
          0,
          null,
          null,
          2,
          null,
          null,
          null,
          1,
          2,
          2,
          2,
          2,
          2,
          2,
          2,
          2,
          2,
          2,
          2,
          2,
          2,
          2,
          0,
          0,
          0,
          null,
          null,
          null,
          2,
          null,
          null,
          null,
          1,
          2,
          2,
          2,
          2,
          2,
          2,
          2,
          0,
          2,
          0,
          null,
          0,
          0,
          0,
          0,
          0,
          null,
          null,
          null,
          null,
          null,
          null,
          2,
          null,
          null,
          1,
          2,
          2,
          2,
          null,
          0,
          0,
          0,
          0,
          null,
          0,
          null,
          0,
          0,
          null,
          0,
          0,
          0,
          0,
          null,
          0,
          0,
          null,
          0,
          null,
          null,
          null,
          null,
          null,
          1,
          0,
          0,
          0,
          0,
          0,
          0,
          0,
          0,
          0,
          0,
          0,
          0,
          null,
          null,
          null,
          null,
          null,
          1,
          0,
          0,
          0,
          0,
          0,
          0,
          null,
          null,
          0,
          0,
          0,
          0,
          0,
          0,
          null,
          null,
          null,
          1,
          0,
          0,
          null,
          0,
          0,
          0,
          null,
          null,
          null,
          1,
          0,
          0,
          null,
          0,
          null,
          null,
          null,
          null,
          null,
          null,
          null,
          null
        ]
      },
      "D:/SE_proj/iter3/hmdecide/app/models/choice.rb": {
        "lines": [
          1,
          1,
          1,
          1,
          1,
          null,
          1,
          1,
          8,
          null,
          null,
          null,
          null,
          null
        ]
      },
      "D:/SE_proj/iter3/hmdecide/app/controllers/home_controller.rb": {
        "lines": [
          1,
          1,
          2,
          2,
          2,
          2,
          0,
          null,
          2,
          2,
          null,
          2,
          null,
          0,
          0,
          0,
          2,
          null,
          0,
          0,
          0,
          0,
          0,
          null,
          0,
          0,
          null,
          null,
          null,
          0,
          null,
          null,
          null,
          2,
          null,
          0,
          0,
          0,
          null,
          2,
          null,
          0,
          0,
          0,
          null,
          null,
          null,
          null,
          2,
          2,
          2,
          2,
          2,
          null,
          null,
          null,
          null,
          null,
          null,
          1,
          null,
          null
        ]
      },
      "D:/SE_proj/iter3/hmdecide/app/controllers/users_controller.rb": {
        "lines": [
          1,
          1,
          null,
          null,
          1,
          2,
          null,
          null,
          1,
          1,
          1,
          null,
          null,
          null,
          1,
          0,
          0,
          0,
          0,
          0,
          null,
          null,
          1,
          0,
          0,
          0,
          0,
          0,
          null,
          null,
          1,
          null,
          1,
          1,
          null,
          null
        ]
      }
    },
    "timestamp": 1617997686
  }
}
