{
  "RSpec": {
    "coverage": {
      "/home/codio/workspace/hmdecide/app/models/user.rb": {
        "lines": [
          1,
          null,
          null,
          1,
          1,
          null,
          1,
          null,
          null,
          null,
          null
        ]
      },
      "/home/codio/workspace/hmdecide/app/models/application_record.rb": {
        "lines": [
          1,
          1,
          null
        ]
      },
      "/home/codio/workspace/hmdecide/app/helpers/application_helper.rb": {
        "lines": [
          1,
          null
        ]
      },
      "/home/codio/workspace/hmdecide/app/helpers/home_helper.rb": {
        "lines": [
          1,
          null
        ]
      },
      "/home/codio/workspace/hmdecide/app/helpers/posts_helper.rb": {
        "lines": [
          1,
          null
        ]
      },
      "/home/codio/workspace/hmdecide/app/helpers/users_helper.rb": {
        "lines": [
          1,
          null
        ]
      },
      "/home/codio/workspace/hmdecide/app/controllers/choices_controller.rb": {
        "lines": [
          1,
          null,
          null,
          null,
          null,
          null,
          null,
          null,
          1,
          2,
          2,
          2,
          null,
          null,
          1,
          null,
          null,
          1,
          5,
          4,
          null,
          null,
          null,
          null,
          null,
          null,
          1,
          1,
          1,
          1,
          null,
          null,
          null,
          null,
          null,
          null,
          null,
          null,
          1,
          1,
          5,
          null,
          null,
          null
        ]
      },
      "/home/codio/workspace/hmdecide/app/controllers/application_controller.rb": {
        "lines": [
          1,
          null
        ]
      },
      "/home/codio/workspace/hmdecide/app/controllers/posts_controller.rb": {
        "lines": [
          1,
          null,
          1,
          null,
          1,
          null,
          null,
          3,
          3,
          2,
          2,
          null,
          1,
          1,
          null,
          null,
          null,
          null,
          null,
          null,
          null,
          null,
          null,
          null,
          null,
          null,
          null,
          null,
          null,
          null,
          1,
          1,
          3,
          null,
          null
        ]
      },
      "/home/codio/workspace/hmdecide/app/models/post.rb": {
        "lines": [
          1,
          1,
          1,
          null,
          1,
          null,
          1,
          11,
          null,
          null
        ]
      },
      "/home/codio/workspace/hmdecide/app/models/choice.rb": {
        "lines": [
          1,
          null,
          1,
          1,
          null,
          1,
          1,
          6,
          null,
          null
        ]
      },
      "/home/codio/workspace/hmdecide/app/controllers/home_controller.rb": {
        "lines": [
          1,
          1,
          2,
          null,
          null,
          1,
          null,
          null
        ]
      },
      "/home/codio/workspace/hmdecide/app/controllers/users_controller.rb": {
        "lines": [
          1,
          1,
          null,
          null,
          1,
          2,
          null,
          null,
          1,
          1,
          1,
          null,
          null,
          1,
          null,
          1,
          1,
          null,
          null
        ]
      }
    },
    "timestamp": 1615850934
  },
  "Cucumber Features": {
    "coverage": {
      "/home/codio/workspace/hmdecide/app/models/user.rb": {
        "lines": [
          1,
          null,
          null,
          1,
          1,
          null,
          1,
          null,
          null,
          null,
          null
        ]
      },
      "/home/codio/workspace/hmdecide/app/models/application_record.rb": {
        "lines": [
          1,
          1,
          null
        ]
      },
      "/home/codio/workspace/hmdecide/app/models/post.rb": {
        "lines": [
          1,
          1,
          1,
          null,
          1,
          null,
          1,
          5,
          null,
          null
        ]
      },
      "/home/codio/workspace/hmdecide/app/controllers/application_controller.rb": {
        "lines": [
          1,
          null
        ]
      },
      "/home/codio/workspace/hmdecide/app/helpers/application_helper.rb": {
        "lines": [
          1,
          null
        ]
      },
      "/home/codio/workspace/hmdecide/app/helpers/home_helper.rb": {
        "lines": [
          1,
          null
        ]
      },
      "/home/codio/workspace/hmdecide/app/helpers/posts_helper.rb": {
        "lines": [
          1,
          null
        ]
      },
      "/home/codio/workspace/hmdecide/app/helpers/users_helper.rb": {
        "lines": [
          1,
          null
        ]
      },
      "/home/codio/workspace/hmdecide/app/controllers/home_controller.rb": {
        "lines": [
          1,
          1,
          26,
          null,
          null,
          1,
          null,
          null
        ]
      },
      "/home/codio/workspace/hmdecide/app/controllers/users_controller.rb": {
        "lines": [
          1,
          1,
          null,
          null,
          1,
          2,
          null,
          null,
          1,
          1,
          1,
          null,
          null,
          1,
          null,
          1,
          1,
          null,
          null
        ]
      },
      "/home/codio/workspace/hmdecide/app/controllers/posts_controller.rb": {
        "lines": [
          1,
          null,
          1,
          null,
          1,
          null,
          null,
          3,
          3,
          2,
          2,
          null,
          1,
          1,
          null,
          null,
          null,
          null,
          null,
          null,
          null,
          null,
          null,
          null,
          null,
          null,
          null,
          null,
          null,
          null,
          1,
          1,
          3,
          null,
          null
        ]
      },
      "/home/codio/workspace/hmdecide/app/controllers/choices_controller.rb": {
        "lines": [
          1,
          null,
          null,
          null,
          null,
          null,
          null,
          null,
          1,
          3,
          3,
          3,
          null,
          null,
          1,
          null,
          null,
          1,
          2,
          2,
          null,
          null,
          null,
          null,
          null,
          null,
          1,
          1,
          1,
          1,
          null,
          null,
          null,
          null,
          null,
          null,
          null,
          null,
          1,
          1,
          2,
          null,
          null,
          null
        ]
      },
      "/home/codio/workspace/hmdecide/app/models/choice.rb": {
        "lines": [
          1,
          null,
          1,
          1,
          null,
          1,
          1,
          2,
          null,
          null
        ]
      }
    },
    "timestamp": 1615850848
  }
}
